<?xml version="1.0" encoding="UTF-8"?>
<testsuite errors="0" failures="0" name="tests.constructions.test_complexes_page.TestComplexesPage-20180125145935" skipped="0" tests="7" time="4.856">
	<testcase classname="tests.constructions.test_complexes_page.TestComplexesPage" name="test_add_new_complex_correctly" time="2.853"/>
	<testcase classname="tests.constructions.test_complexes_page.TestComplexesPage" name="test_add_new_complex_negative_empty_input_and_cancel_click" time="0.168"/>
	<testcase classname="tests.constructions.test_complexes_page.TestComplexesPage" name="test_delete_complex_cancel" time="0.149"/>
	<testcase classname="tests.constructions.test_complexes_page.TestComplexesPage" name="test_delete_complex_correctly" time="0.640"/>
	<testcase classname="tests.constructions.test_complexes_page.TestComplexesPage" name="test_edit_complex_cancel" time="0.165"/>
	<testcase classname="tests.constructions.test_complexes_page.TestComplexesPage" name="test_edit_complex_correctly" time="0.706"/>
	<testcase classname="tests.constructions.test_complexes_page.TestComplexesPage" name="test_edit_complex_negative_empty_input" time="0.176"/>
	<system-out>
<![CDATA[]]>	</system-out>
	<system-err>
<![CDATA[]]>	</system-err>
</testsuite>
