<?xml version="1.0" encoding="UTF-8"?>
<testsuite errors="0" failures="0" name="tests.constructions.test_floors_page.TestFloorsPage-20180124171404" skipped="0" tests="6" time="6.525">
	<testcase classname="tests.constructions.test_floors_page.TestFloorsPage" name="test_01_floors_page_is_loaded_correctly" time="1.285"/>
	<testcase classname="tests.constructions.test_floors_page.TestFloorsPage" name="test_02_add_new_floor_correctly" time="2.868"/>
	<testcase classname="tests.constructions.test_floors_page.TestFloorsPage" name="test_04_delete_floor_correctly" time="0.670"/>
	<testcase classname="tests.constructions.test_floors_page.TestFloorsPage" name="test_05_delete_floor_cancel" time="0.143"/>
	<testcase classname="tests.constructions.test_floors_page.TestFloorsPage" name="test_06_edit_floor_correctly" time="0.729"/>
	<testcase classname="tests.constructions.test_floors_page.TestFloorsPage" name="test_07_edit_floor_negative_existing_level" time="0.829"/>
	<system-out>
<![CDATA[]]>	</system-out>
	<system-err>
<![CDATA[]]>	</system-err>
</testsuite>
