<?xml version="1.0" encoding="UTF-8"?>
<testsuite errors="0" failures="0" name="tests.constructions.test_map_page.TestMapPage-20180125150131" skipped="0" tests="1" time="1.294">
	<testcase classname="tests.constructions.test_map_page.TestMapPage" name="test_01_map_page_is_loaded_correctly" time="1.294"/>
	<system-out>
<![CDATA[]]>	</system-out>
	<system-err>
<![CDATA[]]>	</system-err>
</testsuite>
