<?xml version="1.0" encoding="UTF-8"?>
<testsuite errors="0" failures="0" name="tests.constructions.test_buildings_page.TestBuildingsPage-20180124171404" skipped="0" tests="7" time="5.062">
	<testcase classname="tests.constructions.test_buildings_page.TestBuildingsPage" name="test_add_new_building_correctly" time="2.994"/>
	<testcase classname="tests.constructions.test_buildings_page.TestBuildingsPage" name="test_add_new_building_negative_empty_input_and_cancel_click" time="0.187"/>
	<testcase classname="tests.constructions.test_buildings_page.TestBuildingsPage" name="test_delete_building_cancel" time="0.146"/>
	<testcase classname="tests.constructions.test_buildings_page.TestBuildingsPage" name="test_delete_building_correctly" time="0.640"/>
	<testcase classname="tests.constructions.test_buildings_page.TestBuildingsPage" name="test_edit_building_cancel" time="0.147"/>
	<testcase classname="tests.constructions.test_buildings_page.TestBuildingsPage" name="test_edit_building_correctly" time="0.753"/>
	<testcase classname="tests.constructions.test_buildings_page.TestBuildingsPage" name="test_edit_building_negative_empty_input" time="0.196"/>
	<system-out>
<![CDATA[]]>	</system-out>
	<system-err>
<![CDATA[]]>	</system-err>
</testsuite>
