<?xml version="1.0" encoding="UTF-8"?>
<databaseChangeLog xmlns="http://www.liquibase.org/xml/ns/dbchangelog"
                   xmlns:xsi="http://www.w3.org/2001/XMLSchema-instance"
                   xsi:schemaLocation="http://www.liquibase.org/xml/ns/dbchangelog http://www.liquibase.org/xml/ns/dbchangelog/dbchangelog-3.3.xsd">
  <changeSet id="Complex" author="motlowski" context="test" runOnChange="true" labels="Complex" runAlways="true">
    <loadUpdateData tableName="complex" file="src/test_data/complex.csv" primaryKey="id"/>
    <loadUpdateData tableName="building" file="src/test_data/building.csv" primaryKey="id"/>
    <loadUpdateData tableName="floor" file="src/test_data/floor.csv" primaryKey="id"/>
  </changeSet>
</databaseChangeLog>
