<?xml version="1.0" encoding="UTF-8"?>
<databaseChangeLog xmlns="http://www.liquibase.org/xml/ns/dbchangelog"
                   xmlns:xsi="http://www.w3.org/2001/XMLSchema-instance"
                   xsi:schemaLocation="http://www.liquibase.org/xml/ns/dbchangelog http://www.liquibase.org/xml/ns/dbchangelog/dbchangelog-3.3.xsd">
  <changeSet id="motlowskitruncatedevice" author="motlowski" context="device" runOnChange="true" labels="devicedelete" runAlways="true">
    <loadUpdateData tableName="device" file="src/test_data/devices.csv" primaryKey="id"/>
  </changeSet>
  <changeSet id="motlowskitruncateanchor" author="motlowski" context="Devicdassestest" runOnChange="true" labels="anchordelete" runAlways="true">
    <loadUpdateData tableName="anchor" file="src/test_data/anchor.csv" primaryKey="id"/>
  </changeSet>
  <changeSet id="motlowskitruncateseink" author="motlowski" context="Devicdsink" runOnChange="true" labels="sinkdelete" runAlways="true">
    <loadUpdateData tableName="sink" file="src/test_data/sink.csv" primaryKey="id"/>
  </changeSet>
</databaseChangeLog>
