<?xml version="1.0" encoding="UTF-8"?>
<databaseChangeLog
  xmlns="http://www.liquibase.org/xml/ns/dbchangelog/1.9"
  xmlns:xsi="http://www.w3.org/2001/XMLSchema-instance"
  xsi:schemaLocation="http://www.liquibase.org/xml/ns/dbchangelog/1.9
                      http://www.liquibase.org/xml/ns/dbchangelog/dbchangelog-1.9.xsd">

 	<changeSet author="env" id="create db complex env">
		<createTable tableName="tesssssssst">
		    <column name="id" type="INT" autoIncrement="true">
			    <constraints nullable="false" primaryKey="true" />
		    </column>
		    <column name="value" type="VARCHAR(25)">
			    <constraints nullable="false" />
		    </column>
        <column name="test" type="VARCHAR(255)">
			    <constraints nullable="false" />
		    </column>
		</createTable>
 	</changeSet>

</databaseChangeLog>
